<?xml version="1.0" encoding="UTF-8"?>
<!-- Generated by org.testng.reporters.JUnitXMLReporter -->
<testsuite hostname="sairam-PC" ignored="0" name="Default test" tests="6" failures="0" timestamp="06 May 2018 15:50:25 GMT" time="26.319" errors="0">
  <testcase name="ValidateNewUserTitle" time="2.526" classname="com.assignment1.testCases.CreateCustomerTest"/>
  <testcase name="cancelUserCreation" time="1.708" classname="com.assignment1.testCases.CreateCustomerTest"/>
  <testcase name="createUser" time="1.889" classname="com.assignment1.testCases.CreateCustomerTest"/>
  <testcase name="readCustomerDetails" time="0.083" classname="com.assignment1.testCases.CreateCustomerTest"/>
  <testcase name="editCustomerDetails" time="0.638" classname="com.assignment1.testCases.CreateCustomerTest"/>
  <testcase name="cancelEdit" time="0.971" classname="com.assignment1.testCases.CreateCustomerTest"/>
</testsuite> <!-- Default test -->
