<?xml version="1.0" encoding="UTF-8"?>
<!-- Generated by org.testng.reporters.JUnitXMLReporter -->
<testsuite hostname="sairam-PC" ignored="0" name="Test" tests="7" failures="0" timestamp="06 May 2018 13:35:03 GMT" time="39.063" errors="0">
  <testcase name="filterCustomers" time="2.425" classname="com.assignment1.testCases.CustomerFilterTest"/>
  <testcase name="ValidateNewUserTitle" time="2.076" classname="com.assignment1.testCases.CreateCustomerTest"/>
  <testcase name="cancelUserCreation" time="1.783" classname="com.assignment1.testCases.CreateCustomerTest"/>
  <testcase name="createUser" time="2.051" classname="com.assignment1.testCases.CreateCustomerTest"/>
  <testcase name="readCustomerDetails" time="0.088" classname="com.assignment1.testCases.CreateCustomerTest"/>
  <testcase name="editCustomerDetails" time="0.652" classname="com.assignment1.testCases.CreateCustomerTest"/>
  <testcase name="cancelEdit" time="0.92" classname="com.assignment1.testCases.CreateCustomerTest"/>
</testsuite> <!-- Test -->
